     1                                  ; haribote-ipl
     2                                  ; TAB=4
     3                                          ORG     0x7c00          ; read start
     4                                  
     5                                  ; discription for floppy disk
     6 00000000 EB4E                            JMP     entry           ; BS_JmpBoot
     7 00000002 90                              DB      0x90            ; BS_JmpBoot
     8 00000003 48415249424F5445                DB      "HARIBOTE"      ; BS_OEMName    8B
     9 0000000B 0002                            DW      512             ; BPB_BytsPerSec
    10 0000000D 01                              DB      1               ; BPB_SecPerClu
    11 0000000E 0100                            DW      1               ; BPB_RevdSecCnt    : このBPBを含むブートセクタのみ
    12 00000010 02                              DB      2               ; BPB_NumFATs       : FATの個数 (このフィールドの値は常に2に設定すべきである)
    13 00000011 E000                            DW      224             ; BPB_RootEntCnt
    14 00000013 400B                            DW      2880            ; BPB_TotSec16
    15 00000015 F0                              DB      0xf0            ; BPB_Media
    16 00000016 0900                            DW      9               ; BPB_FATSz16
    17 00000018 1200                            DW      18              ; BPB_SecPerTrk
    18 0000001A 0200                            DW      2               ; BPB_NumHeads
    19 0000001C 00000000                        DD      0               ; BPB_HiddSec
    20 00000020 400B0000                        DD      2880            ; BPB_TotSec32
    21                                  
    22                                          ; FAT12/16におけるオフセット36以降のフィールド
    23 00000024 00                              DB      0x00            ; BS_DrvNum
    24 00000025 00                              DB      0x00            ; BS_Reserved1
    25 00000026 29                              DB      0x29            ; BS_BootSig
    26                                  
    27 00000027 FFFFFFFF                        DD      0xffffffff      ; BS_VolID
    28 0000002B 48415249424F54454F-             DB      "HARIBOTEOS "   ; BS_VolLab     11B
    29 00000034 5320               
    30 00000036 4641543132202020                DB      "FAT12   "      ; BS_FilSysType 8B
    31 0000003E <res 00000012>                  RESB    18              ; とりあえず18バイト開けておく
    32          ******************       warning: uninitialized space declared in .text section: zeroing
    33                                  
    34                                  
    35                                  ; START BS_BootCode 64(0x14)   448(0x1C0)
    36                                  entry:
    37 00000050 B80000                          MOV     AX, 0           ; initialize Accumulator(resister)
    38 00000053 8ED0                            MOV     SS, AX          ; Stack Segment
    39 00000055 BC007C                          MOV     SP, 0x7c00      ; Stack Pointer
    40 00000058 8ED8                            MOV     DS, AX          ; Data Segment      : 番地指定のとき重要
    41                                          ;MOV     ES, AX          ; Extra Segment
    42                                  
    43                                          ;MOV     SI, msg         ; Source Index
    44                                  
    45                                  ; load disk
    46 0000005A B82008                          MOV     AX, 0x0820
    47 0000005D 8EC0                            MOV     ES, AX          ; extra segment :  buffer address       0x0820
    48 0000005F B500                            MOV     CH, 0           ; counter high  : cylinder  0
    49 00000061 B600                            MOV     DH, 0           ; data high     : head      0
    50 00000063 B102                            MOV     CL, 2           ; counter low   : sector    2
    51                                  
    52 00000065 B402                            MOV     AH, 0x02        ; acumulator high   : read disk
    53 00000067 B001                            MOV     AL, 1           ; acumulator low    : sector    1
    54 00000069 BB0000                          MOV     BX, 0           ; base              : buffer address    0x0000
    55 0000006C B200                            MOV     DL, 0x00        ; data low          : drive number
    56 0000006E CD13                            INT     0x13            ; BIOS call
    57 00000070 7203                            JC      error           ; CARRY FLAG
    58                                  
    59                                  fin:
    60 00000072 F4                              HLT
    61 00000073 EBFD                            JMP     fin             ; 無限ループ
    62                                  
    63                                  error:
    64 00000075 BE[8A00]                        MOV     SI, msg
    65                                  
    66                                  putloop:
    67 00000078 8A04                            MOV     AL, [SI]        ; BYTE (accumulator low)
    68 0000007A 83C601                          ADD     SI, 1           ; increment
    69 0000007D 3C00                            CMP     AL, 0           ; 終了条件
    70 0000007F 74F1                            JE      fin             ; jump to fin if equal to 0
    71                                  
    72 00000081 B40E                            MOV     AH, 0x0e
    73 00000083 BB0F00                          MOV     BX, 15
    74 00000086 CD10                            INT     0x10            ; interrupt BIOS
    75 00000088 EBEE                            JMP     putloop
    76                                  
    77                                  msg:
    78 0000008A 0A0A                            DB      0x0a, 0x0a
    79 0000008C 6C6F6164206572726F-             DB      "load error"
    80 00000095 72                 
    81 00000096 0A                              DB      0x0a
    82 00000097 00                              DB      0               ; end msg
    83                                  
    84 00000098 <res 00000166>                  RESB    0x7dfe-0x7c00-($-$$)    ; 現在の場所から0x1fdまで(残りの未使用領域)を0で埋める。
    85          ******************       warning: uninitialized space declared in .text section: zeroing
    86                                  ; END BS_BootCode
    87                                  
    88 000001FE 55AA                            DB      0x55, 0xaa      ; BS_BootSign
