     1                                  
     2                                  BOTPAK  EQU    0x00280000    ; BOOTPACK     | bootpackのロード先
     3                                  DSKCAC  EQU    0x00100000    ; DISK CACHE   | ディスクキャッシュの場所
     4                                  DSKCAC0 EQU    0x00008000    ; DISK CACHE 0 | ディスクキャッシュの場所（リアルモード）
     5                                  
     6                                  ; BOOT_INFO関係
     7                                  ; > メモしている場所は0x0ff0番地周辺ですが、メモリマップによるとこのへんも誰にも使われていないようでした
     8                                  CYLS    EQU     0x0ff0      ; ブートセクタが設定する
     9                                  LEDS    EQU     0x0ff1      ; LED STATE
    10                                  VMODE   EQU     0x0ff2      ; VIDEO MODE | 色数に関する情報（何ビットカラーか）
    11                                  SCRNX   EQU     0x0ff4      ; SCREEN X   | 解像度X
    12                                  SCRNY   EQU     0x0ff6      ; SCREEN Y   | 解像度Y
    13                                  VRAM    EQU     0x0ff8      ; VIDEO RAM  | グラフィックバッファの開始番地
    14                                  
    15                                          ;=======================================================================
    16                                          ORG     0xc200      ; 0xc200 = 0x8000 + 0x4200
    17                                                              ; イメージファイルの 0x4200 アドレス番目に書き込まれている
    18                                                              ; また,先で 0x8000 以降を使うことに決めている
    19                                  
    20                                          ;=======================================================================
    21                                          ; [INT(0x10); ビデオ関係](http://oswiki.osask.jp/?%28AT%29BIOS#n5884802)
    22                                          ; ビデオモード設定
    23                                          ;   AH = 0x00;
    24                                          ;   AL = モード： (マイナーな画面モードは省略しています)
    25                                          ;     0x03：16色テキスト、80x25
    26                                          ;     0x12：VGAグラフィックス、640x480x4bitカラー、独自プレーンアクセス
    27                                          ;     0x13：VGAグラフィックス、320x200x8bitカラー、パックドピクセル
    28                                          ;     0x6a：拡張VGAグラフィックス、800x600x4bitカラー、独自プレーンアクセス（ビデオカードによってはサポートされない）
    29                                          ;   戻り値：なし
    30 00000000 B013                            MOV     AL, 0x13    ; VGA graphics, 320x200x(8 bit color)
    31 00000002 B400                            MOV     AH, 0x00
    32 00000004 CD10                            INT     0x10
    33                                  
    34                                          ;=======================================================================
    35                                          ; 画面モードをメモする
    36 00000006 C606F20F08                      MOV     BYTE [VMODE], 8           ; Video MODE
    37 0000000B C706F40F4001                    MOV     WORD [SCRNX], 320         ; SCReeN X
    38 00000011 C706F60FC800                    MOV     WORD [SCRNY], 200         ; SCReeN Y
    39 00000017 66C706F80F00000A00              MOV     DWORD [VRAM], 0x000a0000  ; Video RAM
    40                                                                            ; > VRAMは0xa0000～0xaffffの64KBです。厳密に言うと、320x200=64000なので、62.5KBですが.
    41                                                                            ;
    42                                                                            ; > [VRAM]に 0xa0000 を入れているのですが、PC の世界で VRAM というのはビデオラムのことで
    43                                                                            ; > 「video RAM」と書き、画面用のメモリのことです。このメモリは、もちろんデータを記憶することがい
    44                                                                            ; > つも通りできます。しかしVRAMは普通のメモリ以上の存在で、それぞれの番地が画面上の画素に対応
    45                                                                            ; > していて、これを利用することで画面に絵を出すことができるのです。
    46                                  
    47                                          ;=======================================================================
    48                                          ; [INT(0x16); キーボード関係 - (AT)BIOS - os-wiki](http://oswiki.osask.jp/?%28AT%29BIOS#lb9f3e72)
    49                                          ; キーロック＆シフト状態取得
    50                                          ;   AH = 0x02;
    51                                          ;   戻り値：
    52                                          ;   AL == 状態コード：
    53                                          ;     bit0：右シフト
    54                                          ;     bit1：左シフト
    55                                          ;     bit2：Ctrl
    56                                          ;     bit3：Alt
    57                                          ;     bit4：Scrollロック
    58                                          ;     bit5：Numロック
    59                                          ;     bit6：Capsロック
    60                                          ;     bit7：Insertモード
    61                                          ; BIOS (16 bit mode) から情報を取得
    62 00000020 B402                            MOV     AH, 0x02    ; キーロック＆シフト状態取得
    63 00000022 CD16                            INT     0x16        ; Keyboard BIOS
    64 00000024 A2F10F                          MOV     [LEDS], AL  ; LED State
    65                                  
    66                                          ; PICが一切の割り込みを受け付けないようにする
    67                                          ; AT互換機の仕様では、PICの初期化をするなら、
    68                                          ; こいつをCLI前にやっておかないと、たまにハングアップする
    69                                          ; PICの初期化はあとでやる
    70                                  
    71 00000027 B0FF                            MOV     AL, 0xff
    72 00000029 E621                            OUT     0x21, AL
    73 0000002B 90                              NOP                   ; OUT命令を連続させるとうまくいかない機種があるらしいので
    74 0000002C E6A1                            OUT     0xa1, AL
    75                                  
    76 0000002E FA                              CLI                   ; さらにCPUレベルでも割り込み禁止
    77                                  
    78                                          ; CPUから1MB以上のメモリにアクセスできるように、A20GATEを設定
    79                                  
    80 0000002F E8B500                          CALL waitkbdout
    81 00000032 B0D1                            MOV  AL,0xd1
    82 00000034 E664                            OUT  0x64,AL
    83 00000036 E8AE00                          CALL waitkbdout
    84 00000039 B0DF                            MOV  AL,0xdf          ; enable A20
    85 0000003B E660                            OUT  0x60,AL
    86 0000003D E8A700                          CALL waitkbdout
    87                                  
    88                                          ; プロテクトモード移行
    89                                          
    90                                          ;[INSTRSET "i486p"]    ; i486の命令まで使いたいという記述
    91                                          ; ここで指定するのではなくgccでcompileする際にi486で指定
    92                                  
    93 00000040 0F0116[2A01]                    LGDT [GDTR0]   ; 暫定GDTを設定
    94 00000045 0F20C0                          MOV  EAX,CR0
    95 00000048 6625FFFFFF7F                    AND  EAX,0x7fffffff ; bit31を0にする（ページング禁止のため）
    96 0000004E 6683C801                        OR  EAX,0x00000001 ; bit0を1にする（プロテクトモード移行のため）
    97 00000052 0F22C0                          MOV  CR0,EAX
    98 00000055 EB00                            JMP  pipelineflush
    99                                  pipelineflush:
   100 00000057 B80800                          MOV  AX,1*8   ;  読み書き可能セグメント32bit
   101 0000005A 8ED8                            MOV  DS,AX
   102 0000005C 8EC0                            MOV  ES,AX
   103 0000005E 8EE0                            MOV  FS,AX
   104 00000060 8EE8                            MOV  GS,AX
   105 00000062 8ED0                            MOV  SS,AX
   106                                  
   107                                          ; bootpackの転送
   108                                  
   109 00000064 66BE[30010000]                  MOV  ESI,bootpack ; 転送元
   110 0000006A 66BF00002800                    MOV  EDI,BOTPAK  ; 転送先
   111 00000070 66B900000200                    MOV  ECX,512*1024/4
   112                                          ;MOV  ECX, 131072
   113 00000076 E87500                          CALL memcpy
   114                                  
   115                                          ; ついでにディスクデータも本来の位置へ転送
   116                                  
   117                                          ; まずはブートセクタから
   118                                  
   119 00000079 66BE007C0000                    MOV  ESI,0x7c00  ; 転送元
   120 0000007F 66BF00001000                    MOV  EDI,DSKCAC  ; 転送先
   121 00000085 66B980000000                    MOV  ECX,512/4
   122                                          ;MOV  ECX, 128
   123 0000008B E86000                          CALL memcpy
   124                                  
   125                                          ; 残り全部
   126                                  
   127 0000008E 66BE00820000                    MOV  ESI,DSKCAC0+512 ; 転送元
   128 00000094 66BF00021000                    MOV  EDI,DSKCAC+512 ; 転送先
   129 0000009A 66B900000000                    MOV  ECX,0
   130 000000A0 8A0EF00F                        MOV  CL,BYTE [CYLS]
   131 000000A4 6669C900120000                  IMUL ECX,512*18*2/4 ; シリンダ数からバイト数/4に変換
   132                                          ;IMUL ECX, 4608
   133 000000AB 6681E980000000                  SUB  ECX,512/4  ; IPLの分だけ差し引く
   134                                          ;SUB  ECX, 128  ; IPLの分だけ差し引く
   135 000000B2 E83900                          CALL memcpy
   136                                  
   137                                          ; asmheadでしなければいけないことは全部し終わったので、
   138                                          ; あとはbootpackに任せる
   139                                          
   140                                          ; bootpackの起動
   141                                  
   142 000000B5 66BB00002800                    MOV  EBX,BOTPAK
   143 000000BB 66678B4B10                      MOV  ECX,[EBX+16]
   144 000000C0 6683C103                        ADD  ECX,3   ; ECX += 3;
   145 000000C4 66C1E902                        SHR  ECX,2   ; ECX /= 4;
   146 000000C8 7410                            JZ  skip   ; 転送するべきものがない
   147 000000CA 66678B7314                      MOV  ESI,[EBX+20] ; 転送元
   148 000000CF 6601DE                          ADD  ESI,EBX
   149 000000D2 66678B7B0C                      MOV  EDI,[EBX+12] ; 転送先
   150 000000D7 E81400                          CALL memcpy
   151                                  skip:
   152 000000DA 66678B630C                      MOV  ESP,[EBX+12] ; スタック初期値
   153 000000DF 66EA1B0000001000                JMP  DWORD 2*8:0x0000001b
   154                                  
   155                                  waitkbdout:
   156 000000E7 E464                            IN   AL,0x64
   157 000000E9 2402                            AND   AL,0x02
   158 000000EB 75FA                            JNZ  waitkbdout  ; ANDの結果が0でなければwaitkbdoutへ
   159 000000ED C3                              RET
   160                                  
   161                                  memcpy:
   162 000000EE 66678B06                        MOV  EAX,[ESI]
   163 000000F2 6683C604                        ADD  ESI,4
   164 000000F6 66678907                        MOV  [EDI],EAX
   165 000000FA 6683C704                        ADD  EDI,4
   166 000000FE 6683E901                        SUB  ECX,1
   167 00000102 75EA                            JNZ  memcpy   ; 引き算した結果が0でなければmemcpyへ
   168 00000104 C3                              RET
   169                                          ; memcpyはアドレスサイズプリフィクスを入れ忘れなければ、ストリング命令でも書ける
   170                                  
   171 00000105 <res 0000000B>                  ALIGNB 16
   172          ******************       warning: uninitialized space declared in .text section: zeroing
   173                                  GDT0:
   174 00000110 <res 00000008>                  RESB 8    ; ヌルセレクタ
   175          ******************       warning: uninitialized space declared in .text section: zeroing
   176 00000118 FFFF00000092CF00                DW  0xffff,0x0000,0x9200,0x00cf ; 読み書き可能セグメント32bit
   177 00000120 FFFF0000289A4700                DW  0xffff,0x0000,0x9a28,0x0047 ; 実行可能セグメント32bit（bootpack用）
   178                                  
   179 00000128 0000                            DW  0
   180                                  GDTR0:
   181 0000012A 1700                            DW  8*3-1
   182 0000012C [10010000]                      DD  GDT0
   183                                  
   184                                          ALIGNB 16
   185                                  bootpack:
   186                                  
